<?xml version="1.0" encoding="UTF-8"?>
<!-- Generated by org.testng.reporters.JUnitReportReporter -->
<testsuite hostname="DESKTOP-66M8MR2" failures="0" tests="3" name="testcases.AddEmployeTest" time="78.393" errors="0" timestamp="2021-10-14T20:04:57 TRT" skipped="0">
  <testcase classname="testcases.AddEmployeTest" name="addEmployee" time="25.660"/>
  <system-out/>
  <testcase classname="testcases.AddEmployeTest" name="addEmployee" time="25.498"/>
  <system-out/>
  <testcase classname="testcases.AddEmployeTest" name="addEmployee" time="27.235"/>
  <system-out/>
</testsuite> <!-- testcases.AddEmployeTest -->
