<?xml version="1.0" encoding="UTF-8"?>
<!-- Generated by org.testng.reporters.JUnitReportReporter -->
<testsuite hostname="DESKTOP-66M8MR2" failures="0" tests="4" name="testcases.GroupsDemo" time="0.016" errors="0" timestamp="2021-10-11T14:23:23 TRT" skipped="0">
  <testcase classname="testcases.GroupsDemo" name="test2" time="0.002"/>
  <system-out/>
  <testcase classname="testcases.GroupsDemo" name="test4" time="0.004"/>
  <system-out/>
  <testcase classname="testcases.GroupsDemo" name="test1" time="0.007"/>
  <system-out/>
  <testcase classname="testcases.GroupsDemo" name="test3" time="0.003"/>
  <system-out/>
</testsuite> <!-- testcases.GroupsDemo -->
